****************************************************

Info:  Multiple drivers on net r:/WORK/cpu/data[7].
Info:  Multiple drivers on net r:/WORK/cpu/data[6].
Info:  Multiple drivers on net r:/WORK/cpu/data[5].
Info:  Multiple drivers on net r:/WORK/cpu/data[4].
Info:  Multiple drivers on net r:/WORK/cpu/data[3].
Info:  Multiple drivers on net r:/WORK/cpu/data[2].
Info:  Multiple drivers on net r:/WORK/cpu/data[1].
Info:  Multiple drivers on net r:/WORK/cpu/data[0].
Info:  Multiple drivers on net r:/WORK/datactl/data[7].
Info:  Multiple drivers on net r:/WORK/datactl/data[6].
Info:  Multiple drivers on net r:/WORK/datactl/data[5].
Info:  Multiple drivers on net r:/WORK/datactl/data[4].
Info:  Multiple drivers on net r:/WORK/datactl/data[3].
Info:  Multiple drivers on net r:/WORK/datactl/data[2].
Info:  Multiple drivers on net r:/WORK/datactl/data[1].
Info:  Multiple drivers on net r:/WORK/datactl/data[0].
Info:  Multiple drivers on net i:/WORK/cpu/data[7].
Info:  Multiple drivers on net i:/WORK/cpu/data[6].
Info:  Multiple drivers on net i:/WORK/cpu/data[5].
Info:  Multiple drivers on net i:/WORK/cpu/data[4].
Info:  Multiple drivers on net i:/WORK/cpu/data[3].
Info:  Multiple drivers on net i:/WORK/cpu/data[2].
Info:  Multiple drivers on net i:/WORK/cpu/data[1].
Info:  Multiple drivers on net i:/WORK/cpu/data[0].
Info:  Net i:/WORK/alu_DW01_add_0/CO is undriven.
Info:  Multiple drivers on net i:/WORK/datactl/data[7].
Info:  Multiple drivers on net i:/WORK/datactl/data[6].
Info:  Multiple drivers on net i:/WORK/datactl/data[5].
Info:  Multiple drivers on net i:/WORK/datactl/data[4].
Info:  Multiple drivers on net i:/WORK/datactl/data[3].
Info:  Multiple drivers on net i:/WORK/datactl/data[2].
Info:  Multiple drivers on net i:/WORK/datactl/data[1].
Info:  Multiple drivers on net i:/WORK/datactl/data[0].
Info:  Multiple drivers on net i:/SCC28NHKCP_HSC35P140_RVT_SS_V0P81_125C_BASIC/TBUFV24_140P9T35R/n1.
