Info:  Net r:/DESIGN_LIB/TOP_RISCV/ex_check_ram_addr_o[63] is undriven.
Info:  Net r:/DESIGN_LIB/TOP_RISCV/ex_check_ram_addr_o[62] is undriven.
Info:  Net r:/DESIGN_LIB/TOP_RISCV/ex_check_ram_addr_o[61] is undriven.
Info:  Net r:/DESIGN_LIB/TOP_RISCV/ex_check_ram_addr_o[60] is undriven.
Info:  Net r:/DESIGN_LIB/TOP_RISCV/ex_check_ram_addr_o[59] is undriven.
Info:  Net r:/DESIGN_LIB/TOP_RISCV/ex_check_ram_addr_o[58] is undriven.
Info:  Net r:/DESIGN_LIB/TOP_RISCV/ex_check_ram_addr_o[57] is undriven.
Info:  Net r:/DESIGN_LIB/TOP_RISCV/ex_check_ram_addr_o[56] is undriven.
Info:  Net r:/DESIGN_LIB/TOP_RISCV/ex_check_ram_addr_o[55] is undriven.
Info:  Net r:/DESIGN_LIB/TOP_RISCV/ex_check_ram_addr_o[54] is undriven.
Info:  Net r:/DESIGN_LIB/TOP_RISCV/ex_check_ram_addr_o[53] is undriven.
Info:  Net r:/DESIGN_LIB/TOP_RISCV/ex_check_ram_addr_o[52] is undriven.
Info:  Net r:/DESIGN_LIB/TOP_RISCV/ex_check_ram_addr_o[51] is undriven.
Info:  Net r:/DESIGN_LIB/TOP_RISCV/ex_check_ram_addr_o[50] is undriven.
Info:  Net r:/DESIGN_LIB/TOP_RISCV/ex_check_ram_addr_o[49] is undriven.
Info:  Net r:/DESIGN_LIB/TOP_RISCV/ex_check_ram_addr_o[48] is undriven.
Info:  Net r:/DESIGN_LIB/TOP_RISCV/ex_check_ram_addr_o[47] is undriven.
Info:  Net r:/DESIGN_LIB/TOP_RISCV/ex_check_ram_addr_o[46] is undriven.
Info:  Net r:/DESIGN_LIB/TOP_RISCV/ex_check_ram_addr_o[45] is undriven.
Info:  Net r:/DESIGN_LIB/TOP_RISCV/ex_check_ram_addr_o[44] is undriven.
Info:  Net r:/DESIGN_LIB/TOP_RISCV/ex_check_ram_addr_o[43] is undriven.
Info:  Net r:/DESIGN_LIB/TOP_RISCV/ex_check_ram_addr_o[42] is undriven.
Info:  Net r:/DESIGN_LIB/TOP_RISCV/ex_check_ram_addr_o[41] is undriven.
Info:  Net r:/DESIGN_LIB/TOP_RISCV/ex_check_ram_addr_o[40] is undriven.
Info:  Net r:/DESIGN_LIB/TOP_RISCV/ex_check_ram_addr_o[39] is undriven.
Info:  Net r:/DESIGN_LIB/TOP_RISCV/ex_check_ram_addr_o[38] is undriven.
Info:  Net r:/DESIGN_LIB/TOP_RISCV/ex_check_ram_addr_o[37] is undriven.
Info:  Net r:/DESIGN_LIB/TOP_RISCV/ex_check_ram_addr_o[36] is undriven.
Info:  Net r:/DESIGN_LIB/TOP_RISCV/ex_check_ram_addr_o[35] is undriven.
Info:  Net r:/DESIGN_LIB/TOP_RISCV/ex_check_ram_addr_o[34] is undriven.
Info:  Net r:/DESIGN_LIB/TOP_RISCV/ex_check_ram_addr_o[33] is undriven.
Info:  Net r:/DESIGN_LIB/TOP_RISCV/ex_check_ram_addr_o[32] is undriven.
Info:  Net r:/DESIGN_LIB/TOP_RISCV/ex_check_ram_addr_o[31] is undriven.
Info:  Net r:/DESIGN_LIB/TOP_RISCV/ex_check_ram_addr_o[30] is undriven.
Info:  Net r:/DESIGN_LIB/TOP_RISCV/ex_check_ram_addr_o[29] is undriven.
Info:  Net r:/DESIGN_LIB/TOP_RISCV/ex_check_ram_addr_o[28] is undriven.
Info:  Net r:/DESIGN_LIB/TOP_RISCV/ex_check_ram_addr_o[27] is undriven.
Info:  Net r:/DESIGN_LIB/TOP_RISCV/ex_check_ram_addr_o[26] is undriven.
Info:  Net r:/DESIGN_LIB/TOP_RISCV/ex_check_ram_addr_o[25] is undriven.
Info:  Net r:/DESIGN_LIB/TOP_RISCV/ex_check_ram_addr_o[24] is undriven.
Info:  Net r:/DESIGN_LIB/TOP_RISCV/ex_check_ram_addr_o[23] is undriven.
Info:  Net r:/DESIGN_LIB/TOP_RISCV/ex_check_ram_addr_o[22] is undriven.
Info:  Net r:/DESIGN_LIB/TOP_RISCV/ex_check_ram_addr_o[21] is undriven.
Info:  Net r:/DESIGN_LIB/TOP_RISCV/ex_check_ram_addr_o[20] is undriven.
Info:  Net r:/DESIGN_LIB/TOP_RISCV/ex_check_ram_addr_o[19] is undriven.
Info:  Net r:/DESIGN_LIB/TOP_RISCV/ex_check_ram_addr_o[18] is undriven.
Info:  Net r:/DESIGN_LIB/TOP_RISCV/ex_check_ram_addr_o[17] is undriven.
Info:  Net r:/DESIGN_LIB/TOP_RISCV/ex_check_ram_addr_o[16] is undriven.
Info:  Net r:/DESIGN_LIB/TOP_RISCV/ex_check_ram_addr_o[15] is undriven.
Info:  Net r:/DESIGN_LIB/TOP_RISCV/ex_check_ram_addr_o[14] is undriven.
Info:  Net r:/DESIGN_LIB/TOP_RISCV/ex_check_ram_addr_o[13] is undriven.
Info:  Net r:/DESIGN_LIB/TOP_RISCV/ex_check_ram_addr_o[12] is undriven.
Info:  Net r:/DESIGN_LIB/TOP_RISCV/ex_check_ram_addr_o[11] is undriven.
Info:  Net r:/DESIGN_LIB/TOP_RISCV/ex_check_ram_addr_o[10] is undriven.
Info:  Net r:/DESIGN_LIB/TOP_RISCV/ex_check_ram_addr_o[9] is undriven.
Info:  Net r:/DESIGN_LIB/TOP_RISCV/ex_check_ram_addr_o[8] is undriven.
Info:  Net r:/DESIGN_LIB/TOP_RISCV/ex_check_ram_addr_o[7] is undriven.
Info:  Net r:/DESIGN_LIB/TOP_RISCV/ex_check_ram_addr_o[6] is undriven.
Info:  Net r:/DESIGN_LIB/TOP_RISCV/ex_check_ram_addr_o[5] is undriven.
Info:  Net r:/DESIGN_LIB/TOP_RISCV/ex_check_ram_addr_o[4] is undriven.
Info:  Net r:/DESIGN_LIB/TOP_RISCV/ex_check_ram_addr_o[3] is undriven.
Info:  Net r:/DESIGN_LIB/TOP_RISCV/ex_check_ram_addr_o[2] is undriven.
Info:  Net r:/DESIGN_LIB/TOP_RISCV/ex_check_ram_addr_o[1] is undriven.
Info:  Net r:/DESIGN_LIB/TOP_RISCV/ex_check_ram_addr_o[0] is undriven.
Info:  Net r:/DESIGN_LIB/TOP_RISCV/ex_check_ram_req_o is undriven.
Info:  Net r:/DESIGN_LIB/CLINT/raddr_o[63] is undriven.
Info:  Net r:/DESIGN_LIB/CLINT/raddr_o[62] is undriven.
Info:  Net r:/DESIGN_LIB/CLINT/raddr_o[61] is undriven.
Info:  Net r:/DESIGN_LIB/CLINT/raddr_o[60] is undriven.
Info:  Net r:/DESIGN_LIB/CLINT/raddr_o[59] is undriven.
Info:  Net r:/DESIGN_LIB/CLINT/raddr_o[58] is undriven.
Info:  Net r:/DESIGN_LIB/CLINT/raddr_o[57] is undriven.
Info:  Net r:/DESIGN_LIB/CLINT/raddr_o[56] is undriven.
Info:  Net r:/DESIGN_LIB/CLINT/raddr_o[55] is undriven.
Info:  Net r:/DESIGN_LIB/CLINT/raddr_o[54] is undriven.
Info:  Net r:/DESIGN_LIB/CLINT/raddr_o[53] is undriven.
Info:  Net r:/DESIGN_LIB/CLINT/raddr_o[52] is undriven.
Info:  Net r:/DESIGN_LIB/CLINT/raddr_o[51] is undriven.
Info:  Net r:/DESIGN_LIB/CLINT/raddr_o[50] is undriven.
Info:  Net r:/DESIGN_LIB/CLINT/raddr_o[49] is undriven.
Info:  Net r:/DESIGN_LIB/CLINT/raddr_o[48] is undriven.
Info:  Net r:/DESIGN_LIB/CLINT/raddr_o[47] is undriven.
Info:  Net r:/DESIGN_LIB/CLINT/raddr_o[46] is undriven.
Info:  Net r:/DESIGN_LIB/CLINT/raddr_o[45] is undriven.
Info:  Net r:/DESIGN_LIB/CLINT/raddr_o[44] is undriven.
Info:  Net r:/DESIGN_LIB/CLINT/raddr_o[43] is undriven.
Info:  Net r:/DESIGN_LIB/CLINT/raddr_o[42] is undriven.
Info:  Net r:/DESIGN_LIB/CLINT/raddr_o[41] is undriven.
Info:  Net r:/DESIGN_LIB/CLINT/raddr_o[40] is undriven.
Info:  Net r:/DESIGN_LIB/CLINT/raddr_o[39] is undriven.
Info:  Net r:/DESIGN_LIB/CLINT/raddr_o[38] is undriven.
Info:  Net r:/DESIGN_LIB/CLINT/raddr_o[37] is undriven.
Info:  Net r:/DESIGN_LIB/CLINT/raddr_o[36] is undriven.
Info:  Net r:/DESIGN_LIB/CLINT/raddr_o[35] is undriven.
Info:  Net r:/DESIGN_LIB/CLINT/raddr_o[34] is undriven.
Info:  Net r:/DESIGN_LIB/CLINT/raddr_o[33] is undriven.
Info:  Net r:/DESIGN_LIB/CLINT/raddr_o[32] is undriven.
Info:  Net r:/DESIGN_LIB/CLINT/raddr_o[31] is undriven.
Info:  Net r:/DESIGN_LIB/CLINT/raddr_o[30] is undriven.
Info:  Net r:/DESIGN_LIB/CLINT/raddr_o[29] is undriven.
Info:  Net r:/DESIGN_LIB/CLINT/raddr_o[28] is undriven.
Info:  Net r:/DESIGN_LIB/CLINT/raddr_o[27] is undriven.
Info:  Net r:/DESIGN_LIB/CLINT/raddr_o[26] is undriven.
Info:  Net r:/DESIGN_LIB/CLINT/raddr_o[25] is undriven.
Info:  Net r:/DESIGN_LIB/CLINT/raddr_o[24] is undriven.
Info:  Net r:/DESIGN_LIB/CLINT/raddr_o[23] is undriven.
Info:  Net r:/DESIGN_LIB/CLINT/raddr_o[22] is undriven.
Info:  Net r:/DESIGN_LIB/CLINT/raddr_o[21] is undriven.
Info:  Net r:/DESIGN_LIB/CLINT/raddr_o[20] is undriven.
Info:  Net r:/DESIGN_LIB/CLINT/raddr_o[19] is undriven.
Info:  Net r:/DESIGN_LIB/CLINT/raddr_o[18] is undriven.
Info:  Net r:/DESIGN_LIB/CLINT/raddr_o[17] is undriven.
Info:  Net r:/DESIGN_LIB/CLINT/raddr_o[16] is undriven.
Info:  Net r:/DESIGN_LIB/CLINT/raddr_o[15] is undriven.
Info:  Net r:/DESIGN_LIB/CLINT/raddr_o[14] is undriven.
Info:  Net r:/DESIGN_LIB/CLINT/raddr_o[13] is undriven.
Info:  Net r:/DESIGN_LIB/CLINT/raddr_o[12] is undriven.
Info:  Net r:/DESIGN_LIB/CLINT/raddr_o[11] is undriven.
Info:  Net r:/DESIGN_LIB/CLINT/raddr_o[10] is undriven.
Info:  Net r:/DESIGN_LIB/CLINT/raddr_o[9] is undriven.
Info:  Net r:/DESIGN_LIB/CLINT/raddr_o[8] is undriven.
Info:  Net r:/DESIGN_LIB/CLINT/raddr_o[7] is undriven.
Info:  Net r:/DESIGN_LIB/CLINT/raddr_o[6] is undriven.
Info:  Net r:/DESIGN_LIB/CLINT/raddr_o[5] is undriven.
Info:  Net r:/DESIGN_LIB/CLINT/raddr_o[4] is undriven.
Info:  Net r:/DESIGN_LIB/CLINT/raddr_o[3] is undriven.
Info:  Net r:/DESIGN_LIB/CLINT/raddr_o[2] is undriven.
Info:  Net r:/DESIGN_LIB/CLINT/raddr_o[1] is undriven.
Info:  Net r:/DESIGN_LIB/CLINT/raddr_o[0] is undriven.
Info:  Net i:/DESIGN_LIB/Multiplier_DW01_add_1/CO is undriven.
Info:  Net i:/DESIGN_LIB/Multiplier_DW01_sub_3/CO is undriven.
Info:  Net i:/DESIGN_LIB/Multiplier_DW01_sub_2/CO is undriven.
Info:  Net i:/DESIGN_LIB/Divider_DW_cmp_0/EQ_NE is undriven.
Info:  Net i:/DESIGN_LIB/Divider_DW01_sub_2/CO is undriven.
Info:  Net i:/DESIGN_LIB/Divider_DW01_sub_3/CO is undriven.
Info:  Net i:/DESIGN_LIB/Divider_DW01_sub_0/DIFF[0] is undriven.
Info:  Net i:/DESIGN_LIB/Divider_DW01_sub_0/CO is undriven.
Info:  Net i:/DESIGN_LIB/Divider_DW01_sub_1/CO is undriven.
Info:  Net i:/DESIGN_LIB/Divider_DW01_sub_4/CO is undriven.
Info:  Net i:/DESIGN_LIB/PC_DW01_add_0/CO is undriven.
Info:  Net i:/DESIGN_LIB/ID_DW01_add_6/CO is undriven.
Info:  Net i:/DESIGN_LIB/ID_DW01_add_7/CO is undriven.
Info:  Net i:/DESIGN_LIB/EX_DW01_cmp6_1/GT is undriven.
Info:  Net i:/DESIGN_LIB/EX_DW01_cmp6_1/LE is undriven.
Info:  Net i:/DESIGN_LIB/EX_DW01_cmp6_1/GE is undriven.
Info:  Net i:/DESIGN_LIB/EX_DW01_cmp6_1/NE is undriven.
Info:  Net i:/DESIGN_LIB/EX_DW01_add_3/CO is undriven.
Info:  Net i:/DESIGN_LIB/EX_DW01_add_2/CO is undriven.
Info:  Net i:/DESIGN_LIB/EX_DW01_sub_1/CO is undriven.
Info:  Net i:/DESIGN_LIB/EX_DW_cmp_1/EQ_NE is undriven.
Info:  guide_transformation 130 (Line: 863)  Could not find pre_resource 'srl_167' in design 'EX'.
Info:  guide_transformation 130 (Line: 863)  Could not find pre_resource 'srl_170' in design 'EX'.
Info:  SVF Operation 130 (Line: 863) - transformation_share.  Status: rejected

Info:  guide_transformation 131 (Line: 877)  Could not find pre_resource 'srl_168' in design 'EX'.
Info:  guide_transformation 131 (Line: 877)  Could not find pre_resource 'srl_171' in design 'EX'.
Info:  SVF Operation 131 (Line: 877) - transformation_share.  Status: rejected

Info:  guide_transformation 152 (Line: 1124)  Could not find pre_resource 'sub_add_60_b0' in design 'Divider'.
Info:  guide_transformation 152 (Line: 1124)  Could not find pre_resource 'sub_add_66_b0' in design 'Divider'.
Info:  SVF Operation 152 (Line: 1124) - transformation_share.  Status: rejected

Info:  guide_transformation 153 (Line: 1138)  Could not find pre_resource 'sub_add_61_b0' in design 'Divider'.
Info:  guide_transformation 153 (Line: 1138)  Could not find pre_resource 'sub_add_72_b0' in design 'Divider'.
Info:  SVF Operation 153 (Line: 1138) - transformation_share.  Status: rejected

Info:  guide_transformation 154 (Line: 1152)  Could not find pre_resource 'sub_add_134_b0' in design 'Divider'.
Info:  guide_transformation 154 (Line: 1152)  Could not find pre_resource 'sub_add_138_b0' in design 'Divider'.
Info:  SVF Operation 154 (Line: 1152) - transformation_share.  Status: rejected

Info:  guide_transformation 155 (Line: 1166)  Could not find pre_resource 'sub_add_137_b0' in design 'Divider'.
Info:  guide_transformation 155 (Line: 1166)  Could not find pre_resource 'sub_add_141_b0' in design 'Divider'.
Info:  SVF Operation 155 (Line: 1166) - transformation_share.  Status: rejected

